<?xml version="1.0" encoding="UTF-8"?>
<testng-results skipped="0" failed="0" ignored="0" total="1" passed="1">
  <reporter-output>
  </reporter-output>
  <suite name="Default suite" duration-ms="51083" started-at="2019-04-07T07:25:43Z" finished-at="2019-04-07T07:26:34Z">
    <groups>
    </groups>
    <test name="Default test" duration-ms="51083" started-at="2019-04-07T07:25:43Z" finished-at="2019-04-07T07:26:34Z">
      <class name="LoginToPage.LogintoPage">
        <test-method status="PASS" signature="setUp()[pri:0, instance:LoginToPage.LogintoPage@553f17c]" name="setUp" is-config="true" duration-ms="11645" started-at="2019-04-07T07:25:43Z" finished-at="2019-04-07T07:25:54Z">
          <reporter-output>
          </reporter-output>
        </test-method> <!-- setUp -->
        <test-method status="PASS" signature="login()[pri:0, instance:LoginToPage.LogintoPage@553f17c]" name="login" duration-ms="38859" started-at="2019-04-07T07:25:55Z" finished-at="2019-04-07T07:26:33Z">
          <reporter-output>
          </reporter-output>
        </test-method> <!-- login -->
        <test-method status="PASS" signature="closeUp()[pri:0, instance:LoginToPage.LogintoPage@553f17c]" name="closeUp" is-config="true" duration-ms="505" started-at="2019-04-07T07:26:33Z" finished-at="2019-04-07T07:26:34Z">
          <reporter-output>
          </reporter-output>
        </test-method> <!-- closeUp -->
      </class> <!-- LoginToPage.LogintoPage -->
    </test> <!-- Default test -->
  </suite> <!-- Default suite -->
</testng-results>
